
Showing logs for build [32mcb-kubecd-environment-pr-5442-1-9f74s-1[0m stage [32mmeta-pipeline[0m and container [32mstep-credential-initializer-87nc5[0m
{"level":"warn","ts":1568281740.8770683,"logger":"fallback-logger","caller":"logging/config.go:69","msg":"Fetch GitHub commit ID from kodata failed: \"ref: refs/heads/master\" is not a valid GitHub commit ID"}
{"level":"info","ts":1568281740.8778036,"logger":"fallback-logger","caller":"creds-init/main.go:40","msg":"Credentials initialized."}

Showing logs for build [32mcb-kubecd-environment-pr-5442-1-9f74s-1[0m stage [32mmeta-pipeline[0m and container [32mstep-working-dir-initializer-ts6dk[0m
{"level":"warn","ts":1568281741.815864,"logger":"fallback-logger","caller":"logging/config.go:69","msg":"Fetch GitHub commit ID from kodata failed: open /var/run/ko/HEAD: no such file or directory"}
{"level":"info","ts":1568281741.8181217,"logger":"fallback-logger","caller":"bash/main.go:65","msg":"Successfully executed command \"mkdir -p /workspace/source\""}

Showing logs for build [32mcb-kubecd-environment-pr-5442-1-9f74s-1[0m stage [32mmeta-pipeline[0m and container [32mstep-place-tools[0m

Showing logs for build [32mcb-kubecd-environment-pr-5442-1-9f74s-1[0m stage [32mmeta-pipeline[0m and container [32mstep-git-source-meta-cb-kubecd-environment-pr-5-sbdlb[0m
{"level":"warn","ts":1568281746.9069057,"logger":"fallback-logger","caller":"logging/config.go:69","msg":"Fetch GitHub commit ID from kodata failed: \"ref: refs/heads/master\" is not a valid GitHub commit ID"}
{"level":"info","ts":1568281747.9868429,"logger":"fallback-logger","caller":"git/git.go:102","msg":"Successfully cloned https://github.com/cb-kubecd/environment-pr-5442-15-tekton-gkebdd-staging.git @ 368c96429035416938833511f4835d209f5a2b2f in path /workspace/source"}

Showing logs for build [32mcb-kubecd-environment-pr-5442-1-9f74s-1[0m stage [32mmeta-pipeline[0m and container [32mstep-git-merge[0m
Using SHAs from PULL_REFS=master:368c96429035416938833511f4835d209f5a2b2f,2:38fc19e8f8e17ff41af3596104ad4ab798bf6b48
DEBUG: ran git fetch --unshallow origin 38fc19e8f8e17ff41af3596104ad4ab798bf6b48: 368c96429035416938833511f4835d209f5a2b2f: in 
DEBUG: ran git checkout master in 
DEBUG: ran git reset --hard 368c96429035416938833511f4835d209f5a2b2f in 
DEBUG: ran clean --force -d . in 
DEBUG: ran git merge 38fc19e8f8e17ff41af3596104ad4ab798bf6b48 in 
Merged SHA 38fc19e8f8e17ff41af3596104ad4ab798bf6b48 with commit message 'chore: Promote bdd-gh-1568281553 to version 0.0.1' into base branch master

Showing logs for build [32mcb-kubecd-environment-pr-5442-1-9f74s-1[0m stage [32mmeta-pipeline[0m and container [32mstep-merge-pull-refs[0m
DEBUG: ran git fetch origin 38fc19e8f8e17ff41af3596104ad4ab798bf6b48: 368c96429035416938833511f4835d209f5a2b2f: in 
DEBUG: Unshallowed git repo in 
DEBUG: ran git checkout master in 
DEBUG: ran git reset --hard 368c96429035416938833511f4835d209f5a2b2f in 
DEBUG: ran clean --force -d . in 
DEBUG: ran git merge 38fc19e8f8e17ff41af3596104ad4ab798bf6b48 in 
Merged SHA 38fc19e8f8e17ff41af3596104ad4ab798bf6b48 with commit message 'chore: Promote bdd-gh-1568281553 to version 0.0.1' into base branch master

Showing logs for build [32mcb-kubecd-environment-pr-5442-1-9f74s-1[0m stage [32mmeta-pipeline[0m and container [32mstep-create-effective-pipeline[0m
Deleting and cloning the Jenkins X versions repo
Cloning the Jenkins X versions repo https://github.com/jenkins-x/jenkins-x-versions.git with ref refs/heads/master to /builder/home/.**/jenkins-x-versions
selected pack: /builder/home/.**/draft/packs/github.com/jenkins-x-buildpacks/jenkins-x-kubernetes/packs/environment
Effective pipeline written to jenkins-x-promotion-build-effective.yml

Showing logs for build [32mcb-kubecd-environment-pr-5442-1-9f74s-1[0m stage [32mmeta-pipeline[0m and container [32mstep-create-tekton-crds[0m
PipelineActivity for cb-kubecd-environment-pr-5442-15-tekton-gkebdd-staging-PR-2-1
Applying changes 
upserted PipelineResource cb-kubecd-environment-pr-5442-1 for the git repository https://github.com/cb-kubecd/environment-pr-5442-15-tekton-gkebdd-staging.git
upserted Task cb-kubecd-environment-pr-5442-1-9f74s-from-build-pack-1
upserted Pipeline cb-kubecd-environment-pr-5442-1-9f74s-1
created PipelineRun cb-kubecd-environment-pr-5442-1-9f74s-1
created PipelineStructure cb-kubecd-environment-pr-5442-1-9f74s-1

Showing logs for build [32mcb-kubecd-environment-pr-5442-1-9f74s-1[0m stage [32mfrom-build-pack[0m and container [32mstep-credential-initializer-gnhj8[0m
{"level":"warn","ts":1568281761.7143583,"logger":"fallback-logger","caller":"logging/config.go:69","msg":"Fetch GitHub commit ID from kodata failed: \"ref: refs/heads/master\" is not a valid GitHub commit ID"}
{"level":"info","ts":1568281761.7153544,"logger":"fallback-logger","caller":"creds-init/main.go:40","msg":"Credentials initialized."}

Showing logs for build [32mcb-kubecd-environment-pr-5442-1-9f74s-1[0m stage [32mfrom-build-pack[0m and container [32mstep-working-dir-initializer-mbd4s[0m
{"level":"warn","ts":1568281762.636796,"logger":"fallback-logger","caller":"logging/config.go:69","msg":"Fetch GitHub commit ID from kodata failed: open /var/run/ko/HEAD: no such file or directory"}
{"level":"info","ts":1568281762.6389053,"logger":"fallback-logger","caller":"bash/main.go:65","msg":"Successfully executed command \"mkdir -p /workspace/source /workspace/source/env\""}

Showing logs for build [32mcb-kubecd-environment-pr-5442-1-9f74s-1[0m stage [32mfrom-build-pack[0m and container [32mstep-place-tools[0m

Showing logs for build [32mcb-kubecd-environment-pr-5442-1-9f74s-1[0m stage [32mfrom-build-pack[0m and container [32mstep-git-source-cb-kubecd-environment-pr-5442-1-vpch6[0m
{"level":"warn","ts":1568281766.790729,"logger":"fallback-logger","caller":"logging/config.go:69","msg":"Fetch GitHub commit ID from kodata failed: \"ref: refs/heads/master\" is not a valid GitHub commit ID"}
{"level":"info","ts":1568281767.8474658,"logger":"fallback-logger","caller":"git/git.go:102","msg":"Successfully cloned https://github.com/cb-kubecd/environment-pr-5442-15-tekton-gkebdd-staging.git @ master in path /workspace/source"}

Showing logs for build [32mcb-kubecd-environment-pr-5442-1-9f74s-1[0m stage [32mfrom-build-pack[0m and container [32mstep-git-merge[0m
Using SHAs from PULL_REFS=master:368c96429035416938833511f4835d209f5a2b2f,2:38fc19e8f8e17ff41af3596104ad4ab798bf6b48
DEBUG: ran git fetch --unshallow origin 38fc19e8f8e17ff41af3596104ad4ab798bf6b48: 368c96429035416938833511f4835d209f5a2b2f: in 
DEBUG: ran git checkout master in 
DEBUG: ran git reset --hard 368c96429035416938833511f4835d209f5a2b2f in 
DEBUG: ran clean --force -d . in 
DEBUG: ran git merge 38fc19e8f8e17ff41af3596104ad4ab798bf6b48 in 
Merged SHA 38fc19e8f8e17ff41af3596104ad4ab798bf6b48 with commit message 'chore: Promote bdd-gh-1568281553 to version 0.0.1' into base branch master

Showing logs for build [32mcb-kubecd-environment-pr-5442-1-9f74s-1[0m stage [32mfrom-build-pack[0m and container [32mstep-build-helm-build[0m
WARNING: No $CHART_REPOSITORY defined so using the default value of: http://jenkins-x-chartmuseum:8080
Adding missing Helm repo: storage.googleapis.com https://storage.googleapis.com/chartmuseum.jenkins-x.io
Successfully added Helm repository storage.googleapis.com.
Adding missing Helm repo: jenkins-x-chartmuseum http://jenkins-x-chartmuseum:8080
Successfully added Helm repository jenkins-x-chartmuseum.
WARNING: No $CHART_REPOSITORY defined so using the default value of: http://jenkins-x-chartmuseum:8080
Adding missing Helm repo: chartmuseum.jenkins-x.io http://chartmuseum.jenkins-x.io
Successfully added Helm repository chartmuseum.jenkins-x.io.
